Java HotSpot(TM) 64-Bit Server VM warning: ignoring option PermSize=96M; support was removed in 8.0
正在启动 Sm@rtWare 2.0.0 消息中间件 ...
... 跟踪子服务
... 日志子服务
... 用户认证子服务
... 线程池子服务
... 定时子服务
... Network子服务
... 队列管理子服务
... 消息主题管理子服务
... 管理监控子服务
... 路由子服务
... JMS子服务
... JNDI子服务
... 脚本引擎
... 企业端适配器
... JMS桥接器插件
... HttpsAdapter 插件
当前版本:CCB_EBSClient_B2C4FileCert_V5.9_Build20180503
B2C:https://merchant.ccb.com/NCCB/MER00B2BMainPlat
将要连接B2C服务器
启动外联平台失败，出现如下错误原因：发送请求异常:文件证书密码错误！
***************************************************************
*                                                             *
*                                                             *
*.............启动外联平台失败，正在关闭外联平台！............*
*                                                             *
*                                                             *
***************************************************************
