[2018-05-01] [00:27:52,013] INFO  (WebBrowserHttpsAdapter.java:init:132) - 外联客户端版本信息：CCB_EBSClient_B2C4FileCert_V5.9_Build20180427
[2018-05-01] [00:27:55,748] INFO  (WebBrowserHttpsAdapter.java:init:214) - 连接请求报文：
txXml=<?xml version="1.0" encoding="GB2312" standalone="yes" ?><TX><REQUEST_SN>20185102755</REQUEST_SN><CUST_ID>105421097080009</CUST_ID><USER_ID>001</USER_ID><PASSWORD>******</PASSWORD><TX_CODE>5W1001</TX_CODE><LANGUAGE>CN</LANGUAGE><TX_INFO><REM1>REMARK1</REM1><REM2>REMARK2</REM2></TX_INFO></TX>

[2018-05-01] [00:27:55,749] INFO  (WebBrowserHttpsAdapter.java:init:215) - 服务器返回连接报文：
<?xml version="1.0" encoding="GB2312" standalone="yes" ?>
<TX>
	
	
		<REQUEST_SN>20185102755</REQUEST_SN>
	
  	
  	
  		
  			
			
				<RETURN_CODE>0130Z1101018</RETURN_CODE>
			
		
		
  	
  	<RETURN_MSG>您输入的信息不正确，请重新输入。</RETURN_MSG>
</TX>

[2018-05-01] [00:27:55,766] ERROR (WebBrowserHttpsAdapter.java:init:314) - 启动外联平台失败，出现如下错误原因：连接服务器失败，出现如下错误原因：<?xml version="1.0" encoding="GB2312" standalone="yes" ?>
<TX>
	
	
		<REQUEST_SN>20185102755</REQUEST_SN>
	
  	
  	
  		
  			
			
				<RETURN_CODE>0130Z1101018</RETURN_CODE>
			
		
		
  	
  	<RETURN_MSG>您输入的信息不正确，请重新输入。</RETURN_MSG>
</TX>
java.lang.Exception: 连接服务器失败，出现如下错误原因：<?xml version="1.0" encoding="GB2312" standalone="yes" ?>
<TX>
	
	
		<REQUEST_SN>20185102755</REQUEST_SN>
	
  	
  	
  		
  			
			
				<RETURN_CODE>0130Z1101018</RETURN_CODE>
			
		
		
  	
  	<RETURN_MSG>您输入的信息不正确，请重新输入。</RETURN_MSG>
</TX>
	at com.digitalchina.adapter.httpsadapter.WebBrowserHttpsAdapter.init(WebBrowserHttpsAdapter.java:308)
	at com.digitalchina.adapter.httpsadapter.MultiThreadHttpsAdapter.init(MultiThreadHttpsAdapter.java:55)
	at com.digitalchina.extension.httpsadapter.HttpsBridge.connectAdapter(HttpsBridge.java:67)
	at com.digitalchina.extension.httpsadapter.AbstractBridge.startup(AbstractBridge.java:129)
	at com.digitalchina.extension.httpsadapter.HttpsAdapterSwiftlet.startup(HttpsAdapterSwiftlet.java:78)
	at com.digitalchina.swiftlet.SwiftletManager.startUpSwiftlet(SwiftletManager.java:91)
	at com.digitalchina.swiftlet.SwiftletManager.initExtensionSwiftlet(SwiftletManager.java:274)
	at com.digitalchina.swiftlet.SwiftletManager.initSwiftlets(SwiftletManager.java:522)
	at com.digitalchina.router.swiftlets.SwiftletManagerImpl.initSwiftlets(SwiftletManagerImpl.java:36)
	at com.digitalchina.router.Router.main(Router.java:25)
[2019-04-16] [14:02:38,367] INFO  (WebBrowserHttpsAdapter.java:init:132) - 外联客户端版本信息：CCB_EBSClient_B2C4FileCert_V5.9_Build20180503
[2019-04-16] [14:02:57,050] INFO  (WebBrowserHttpsAdapter.java:init:214) - 连接请求报文：
txXml=<?xml version="1.0" encoding="GB2312" standalone="yes" ?><TX><REQUEST_SN>201941614254</REQUEST_SN><CUST_ID>105421097080009</CUST_ID><USER_ID>001</USER_ID><PASSWORD>******</PASSWORD><TX_CODE>5W1001</TX_CODE><LANGUAGE>CN</LANGUAGE><TX_INFO><REM1>REMARK1</REM1><REM2>REMARK2</REM2></TX_INFO></TX>

[2019-04-16] [14:02:57,050] INFO  (WebBrowserHttpsAdapter.java:init:215) - 服务器返回连接报文：
<?xml version="1.0" encoding="GB2312" standalone="yes" ?><TX><REQUEST_SN></REQUEST_SN><RETURN_CODE>WLPT_Err1012</RETURN_CODE><RETURN_MSG><![CDATA[获得证书号为空，请选择证书！(0)]]></RETURN_MSG></TX>

[2019-04-16] [14:02:57,053] ERROR (WebBrowserHttpsAdapter.java:init:314) - 启动外联平台失败，出现如下错误原因：连接服务器失败，出现如下错误原因：<?xml version="1.0" encoding="GB2312" standalone="yes" ?><TX><REQUEST_SN></REQUEST_SN><RETURN_CODE>WLPT_Err1012</RETURN_CODE><RETURN_MSG><![CDATA[获得证书号为空，请选择证书！(0)]]></RETURN_MSG></TX>
java.lang.Exception: 连接服务器失败，出现如下错误原因：<?xml version="1.0" encoding="GB2312" standalone="yes" ?><TX><REQUEST_SN></REQUEST_SN><RETURN_CODE>WLPT_Err1012</RETURN_CODE><RETURN_MSG><![CDATA[获得证书号为空，请选择证书！(0)]]></RETURN_MSG></TX>
	at com.digitalchina.adapter.httpsadapter.WebBrowserHttpsAdapter.init(WebBrowserHttpsAdapter.java:308)
	at com.digitalchina.adapter.httpsadapter.MultiThreadHttpsAdapter.init(MultiThreadHttpsAdapter.java:55)
	at com.digitalchina.extension.httpsadapter.HttpsBridge.connectAdapter(HttpsBridge.java:67)
	at com.digitalchina.extension.httpsadapter.AbstractBridge.startup(AbstractBridge.java:129)
	at com.digitalchina.extension.httpsadapter.HttpsAdapterSwiftlet.startup(HttpsAdapterSwiftlet.java:78)
	at com.digitalchina.swiftlet.SwiftletManager.startUpSwiftlet(SwiftletManager.java:91)
	at com.digitalchina.swiftlet.SwiftletManager.initExtensionSwiftlet(SwiftletManager.java:274)
	at com.digitalchina.swiftlet.SwiftletManager.initSwiftlets(SwiftletManager.java:522)
	at com.digitalchina.router.swiftlets.SwiftletManagerImpl.initSwiftlets(SwiftletManagerImpl.java:36)
	at com.digitalchina.router.Router.main(Router.java:25)
[2019-04-17] [14:22:40,015] INFO  (WebBrowserHttpsAdapter.java:init:132) - 外联客户端版本信息：CCB_EBSClient_B2C4FileCert_V5.9_Build20180503
[2019-04-17] [14:22:43,841] INFO  (WebBrowserHttpsAdapter.java:init:214) - 连接请求报文：
txXml=<?xml version="1.0" encoding="GB2312" standalone="yes" ?><TX><REQUEST_SN>2019417142243</REQUEST_SN><CUST_ID>105421097080009</CUST_ID><USER_ID>001</USER_ID><PASSWORD>******</PASSWORD><TX_CODE>5W1001</TX_CODE><LANGUAGE>CN</LANGUAGE><TX_INFO><REM1>REMARK1</REM1><REM2>REMARK2</REM2></TX_INFO></TX>

[2019-04-17] [14:22:43,842] INFO  (WebBrowserHttpsAdapter.java:init:215) - 服务器返回连接报文：
<?xml version="1.0" encoding="GB2312" standalone="yes" ?><TX><REQUEST_SN></REQUEST_SN><RETURN_CODE>WLPT_Err1012</RETURN_CODE><RETURN_MSG><![CDATA[获得证书号为空，请选择证书！(0)]]></RETURN_MSG></TX>

[2019-04-17] [14:22:43,850] ERROR (WebBrowserHttpsAdapter.java:init:314) - 启动外联平台失败，出现如下错误原因：连接服务器失败，出现如下错误原因：<?xml version="1.0" encoding="GB2312" standalone="yes" ?><TX><REQUEST_SN></REQUEST_SN><RETURN_CODE>WLPT_Err1012</RETURN_CODE><RETURN_MSG><![CDATA[获得证书号为空，请选择证书！(0)]]></RETURN_MSG></TX>
java.lang.Exception: 连接服务器失败，出现如下错误原因：<?xml version="1.0" encoding="GB2312" standalone="yes" ?><TX><REQUEST_SN></REQUEST_SN><RETURN_CODE>WLPT_Err1012</RETURN_CODE><RETURN_MSG><![CDATA[获得证书号为空，请选择证书！(0)]]></RETURN_MSG></TX>
	at com.digitalchina.adapter.httpsadapter.WebBrowserHttpsAdapter.init(WebBrowserHttpsAdapter.java:308)
	at com.digitalchina.adapter.httpsadapter.MultiThreadHttpsAdapter.init(MultiThreadHttpsAdapter.java:55)
	at com.digitalchina.extension.httpsadapter.HttpsBridge.connectAdapter(HttpsBridge.java:67)
	at com.digitalchina.extension.httpsadapter.AbstractBridge.startup(AbstractBridge.java:129)
	at com.digitalchina.extension.httpsadapter.HttpsAdapterSwiftlet.startup(HttpsAdapterSwiftlet.java:78)
	at com.digitalchina.swiftlet.SwiftletManager.startUpSwiftlet(SwiftletManager.java:91)
	at com.digitalchina.swiftlet.SwiftletManager.initExtensionSwiftlet(SwiftletManager.java:274)
	at com.digitalchina.swiftlet.SwiftletManager.initSwiftlets(SwiftletManager.java:522)
	at com.digitalchina.router.swiftlets.SwiftletManagerImpl.initSwiftlets(SwiftletManagerImpl.java:36)
	at com.digitalchina.router.Router.main(Router.java:25)
[2019-05-20] [09:04:01,236] INFO  (WebBrowserHttpsAdapter.java:init:132) - 外联客户端版本信息：CCB_EBSClient_B2C4FileCert_V5.9_Build20180503
[2019-05-20] [09:04:39,503] INFO  (WebBrowserHttpsAdapter.java:init:214) - 连接请求报文：
txXml=<?xml version="1.0" encoding="GB2312" standalone="yes" ?><TX><REQUEST_SN>20195209439</REQUEST_SN><CUST_ID>105110073991300</CUST_ID><USER_ID>001</USER_ID><PASSWORD>******</PASSWORD><TX_CODE>5W1001</TX_CODE><LANGUAGE>CN</LANGUAGE><TX_INFO><REM1>REMARK1</REM1><REM2>REMARK2</REM2></TX_INFO></TX>

[2019-05-20] [09:04:39,503] INFO  (WebBrowserHttpsAdapter.java:init:215) - 服务器返回连接报文：
<?xml version="1.0" encoding="GB2312" standalone="yes" ?>
<TX>
  <REQUEST_SN>20195209439</REQUEST_SN>
  <CUST_ID>105110073991300</CUST_ID>
  <TX_CODE>5W1001</TX_CODE>
  <RETURN_CODE>000000</RETURN_CODE>
  <RETURN_MSG></RETURN_MSG>
  <LANGUAGE>CN</LANGUAGE>
  <TX_INFO>
    <REM1></REM1>
    <REM2></REM2>
  </TX_INFO>
</TX>

[2019-05-20] [09:04:39,597] ERROR (WebBrowserHttpsAdapter.java:init:314) - 启动外联平台失败，出现如下错误原因：......签名失败，可能证书有问题！请插入有效证书后，再启动！.........
java.lang.Exception: ......签名失败，可能证书有问题！请插入有效证书后，再启动！.........
	at com.digitalchina.adapter.httpsadapter.WebBrowserHttpsAdapter.init(WebBrowserHttpsAdapter.java:290)
	at com.digitalchina.adapter.httpsadapter.MultiThreadHttpsAdapter.init(MultiThreadHttpsAdapter.java:55)
	at com.digitalchina.extension.httpsadapter.HttpsBridge.connectAdapter(HttpsBridge.java:67)
	at com.digitalchina.extension.httpsadapter.AbstractBridge.startup(AbstractBridge.java:129)
	at com.digitalchina.extension.httpsadapter.HttpsAdapterSwiftlet.startup(HttpsAdapterSwiftlet.java:78)
	at com.digitalchina.swiftlet.SwiftletManager.startUpSwiftlet(SwiftletManager.java:91)
	at com.digitalchina.swiftlet.SwiftletManager.initExtensionSwiftlet(SwiftletManager.java:274)
	at com.digitalchina.swiftlet.SwiftletManager.initSwiftlets(SwiftletManager.java:522)
	at com.digitalchina.router.swiftlets.SwiftletManagerImpl.initSwiftlets(SwiftletManagerImpl.java:36)
	at com.digitalchina.router.Router.main(Router.java:25)
[2019-05-20] [10:29:34,946] INFO  (WebBrowserHttpsAdapter.java:init:132) - 外联客户端版本信息：CCB_EBSClient_B2C4FileCert_V5.9_Build20180503
[2019-05-20] [10:29:44,852] INFO  (WebBrowserHttpsAdapter.java:init:214) - 连接请求报文：
txXml=<?xml version="1.0" encoding="GB2312" standalone="yes" ?><TX><REQUEST_SN>2019520102944</REQUEST_SN><CUST_ID>105110073991300</CUST_ID><USER_ID>001</USER_ID><PASSWORD>******</PASSWORD><TX_CODE>5W1001</TX_CODE><LANGUAGE>CN</LANGUAGE><TX_INFO><REM1>REMARK1</REM1><REM2>REMARK2</REM2></TX_INFO></TX>

[2019-05-20] [10:29:44,852] INFO  (WebBrowserHttpsAdapter.java:init:215) - 服务器返回连接报文：
<?xml version="1.0" encoding="GB2312" standalone="yes" ?>
<TX>
  <REQUEST_SN>2019520102944</REQUEST_SN>
  <CUST_ID>105110073991300</CUST_ID>
  <TX_CODE>5W1001</TX_CODE>
  <RETURN_CODE>000000</RETURN_CODE>
  <RETURN_MSG></RETURN_MSG>
  <LANGUAGE>CN</LANGUAGE>
  <TX_INFO>
    <REM1></REM1>
    <REM2></REM2>
  </TX_INFO>
</TX>

[2019-05-20] [10:29:44,946] ERROR (WebBrowserHttpsAdapter.java:init:314) - 启动外联平台失败，出现如下错误原因：......签名失败，可能证书有问题！请插入有效证书后，再启动！.........
java.lang.Exception: ......签名失败，可能证书有问题！请插入有效证书后，再启动！.........
	at com.digitalchina.adapter.httpsadapter.WebBrowserHttpsAdapter.init(WebBrowserHttpsAdapter.java:290)
	at com.digitalchina.adapter.httpsadapter.MultiThreadHttpsAdapter.init(MultiThreadHttpsAdapter.java:55)
	at com.digitalchina.extension.httpsadapter.HttpsBridge.connectAdapter(HttpsBridge.java:67)
	at com.digitalchina.extension.httpsadapter.AbstractBridge.startup(AbstractBridge.java:129)
	at com.digitalchina.extension.httpsadapter.HttpsAdapterSwiftlet.startup(HttpsAdapterSwiftlet.java:78)
	at com.digitalchina.swiftlet.SwiftletManager.startUpSwiftlet(SwiftletManager.java:91)
	at com.digitalchina.swiftlet.SwiftletManager.initExtensionSwiftlet(SwiftletManager.java:274)
	at com.digitalchina.swiftlet.SwiftletManager.initSwiftlets(SwiftletManager.java:522)
	at com.digitalchina.router.swiftlets.SwiftletManagerImpl.initSwiftlets(SwiftletManagerImpl.java:36)
	at com.digitalchina.router.Router.main(Router.java:25)
[2019-05-20] [10:30:17,269] INFO  (WebBrowserHttpsAdapter.java:init:132) - 外联客户端版本信息：CCB_EBSClient_B2C4FileCert_V5.9_Build20180503
[2019-05-20] [10:30:21,372] INFO  (WebBrowserHttpsAdapter.java:init:214) - 连接请求报文：
txXml=<?xml version="1.0" encoding="GB2312" standalone="yes" ?><TX><REQUEST_SN>2019520103021</REQUEST_SN><CUST_ID>105110073991300</CUST_ID><USER_ID>001</USER_ID><PASSWORD>******</PASSWORD><TX_CODE>5W1001</TX_CODE><LANGUAGE>CN</LANGUAGE><TX_INFO><REM1>REMARK1</REM1><REM2>REMARK2</REM2></TX_INFO></TX>

[2019-05-20] [10:30:21,372] INFO  (WebBrowserHttpsAdapter.java:init:215) - 服务器返回连接报文：
<?xml version="1.0" encoding="GB2312" standalone="yes" ?>
<TX>
  <REQUEST_SN>2019520103021</REQUEST_SN>
  <CUST_ID>105110073991300</CUST_ID>
  <TX_CODE>5W1001</TX_CODE>
  <RETURN_CODE>000000</RETURN_CODE>
  <RETURN_MSG></RETURN_MSG>
  <LANGUAGE>CN</LANGUAGE>
  <TX_INFO>
    <REM1></REM1>
    <REM2></REM2>
  </TX_INFO>
</TX>

[2019-05-20] [10:30:21,450] ERROR (WebBrowserHttpsAdapter.java:init:314) - 启动外联平台失败，出现如下错误原因：......签名失败，可能证书有问题！请插入有效证书后，再启动！.........
java.lang.Exception: ......签名失败，可能证书有问题！请插入有效证书后，再启动！.........
	at com.digitalchina.adapter.httpsadapter.WebBrowserHttpsAdapter.init(WebBrowserHttpsAdapter.java:290)
	at com.digitalchina.adapter.httpsadapter.MultiThreadHttpsAdapter.init(MultiThreadHttpsAdapter.java:55)
	at com.digitalchina.extension.httpsadapter.HttpsBridge.connectAdapter(HttpsBridge.java:67)
	at com.digitalchina.extension.httpsadapter.AbstractBridge.startup(AbstractBridge.java:129)
	at com.digitalchina.extension.httpsadapter.HttpsAdapterSwiftlet.startup(HttpsAdapterSwiftlet.java:78)
	at com.digitalchina.swiftlet.SwiftletManager.startUpSwiftlet(SwiftletManager.java:91)
	at com.digitalchina.swiftlet.SwiftletManager.initExtensionSwiftlet(SwiftletManager.java:274)
	at com.digitalchina.swiftlet.SwiftletManager.initSwiftlets(SwiftletManager.java:522)
	at com.digitalchina.router.swiftlets.SwiftletManagerImpl.initSwiftlets(SwiftletManagerImpl.java:36)
	at com.digitalchina.router.Router.main(Router.java:25)
[2019-05-20] [10:32:33,877] INFO  (WebBrowserHttpsAdapter.java:init:132) - 外联客户端版本信息：CCB_EBSClient_B2C4FileCert_V5.9_Build20180503
[2019-05-20] [10:32:36,389] INFO  (WebBrowserHttpsAdapter.java:init:214) - 连接请求报文：
txXml=<?xml version="1.0" encoding="GB2312" standalone="yes" ?><TX><REQUEST_SN>2019520103236</REQUEST_SN><CUST_ID>105110073991300</CUST_ID><USER_ID>001</USER_ID><PASSWORD>******</PASSWORD><TX_CODE>5W1001</TX_CODE><LANGUAGE>CN</LANGUAGE><TX_INFO><REM1>REMARK1</REM1><REM2>REMARK2</REM2></TX_INFO></TX>

[2019-05-20] [10:32:36,389] INFO  (WebBrowserHttpsAdapter.java:init:215) - 服务器返回连接报文：
<?xml version="1.0" encoding="GB2312" standalone="yes" ?>
<TX>
  <REQUEST_SN>2019520103236</REQUEST_SN>
  <CUST_ID>105110073991300</CUST_ID>
  <TX_CODE>5W1001</TX_CODE>
  <RETURN_CODE>000000</RETURN_CODE>
  <RETURN_MSG></RETURN_MSG>
  <LANGUAGE>CN</LANGUAGE>
  <TX_INFO>
    <REM1></REM1>
    <REM2></REM2>
  </TX_INFO>
</TX>

[2019-05-20] [10:42:43,861] INFO  (ReportTimer.java:communicationWithWebServer:433) - 发送到监控中心的log报文

[2019-05-20] [10:42:44,236] INFO  (ReportTimer.java:communicationWithWebServer:441) - 监控中心返回的指令报文：
<MSG><FLAG>0</FLAG><TIPS></TIPS><TIPS2></TIPS2><TIMESTAMP>2019-05-20 10:42:44</TIMESTAMP></MSG>

[2019-05-20] [10:52:45,950] INFO  (ReportTimer.java:communicationWithWebServer:433) - 发送到监控中心的log报文

[2019-05-20] [10:52:46,122] INFO  (ReportTimer.java:communicationWithWebServer:441) - 监控中心返回的指令报文：
<MSG><FLAG>0</FLAG><TIPS></TIPS><TIPS2></TIPS2><TIMESTAMP>2019-05-20 10:52:46</TIMESTAMP></MSG>

[2019-05-20] [11:02:47,892] INFO  (ReportTimer.java:communicationWithWebServer:433) - 发送到监控中心的log报文

[2019-05-20] [11:02:48,064] INFO  (ReportTimer.java:communicationWithWebServer:441) - 监控中心返回的指令报文：
<MSG><FLAG>0</FLAG><TIPS></TIPS><TIPS2></TIPS2><TIMESTAMP>2019-05-20 11:02:48</TIMESTAMP></MSG>

[2019-05-20] [11:12:49,918] INFO  (ReportTimer.java:communicationWithWebServer:433) - 发送到监控中心的log报文

[2019-05-20] [11:12:50,293] INFO  (ReportTimer.java:communicationWithWebServer:441) - 监控中心返回的指令报文：
<MSG><FLAG>0</FLAG><TIPS></TIPS><TIPS2></TIPS2><TIMESTAMP>2019-05-20 11:12:50</TIMESTAMP></MSG>

[2019-05-20] [11:22:51,999] INFO  (ReportTimer.java:communicationWithWebServer:433) - 发送到监控中心的log报文

[2019-05-20] [11:22:52,311] INFO  (ReportTimer.java:communicationWithWebServer:441) - 监控中心返回的指令报文：
<MSG><FLAG>0</FLAG><TIPS></TIPS><TIPS2></TIPS2><TIMESTAMP>2019-05-20 11:22:52</TIMESTAMP></MSG>

[2019-05-20] [11:32:54,010] INFO  (ReportTimer.java:communicationWithWebServer:433) - 发送到监控中心的log报文

[2019-05-20] [11:32:54,619] INFO  (ReportTimer.java:communicationWithWebServer:441) - 监控中心返回的指令报文：
<MSG><FLAG>0</FLAG><TIPS></TIPS><TIPS2></TIPS2><TIMESTAMP>2019-05-20 11:32:54</TIMESTAMP></MSG>

[2019-05-20] [11:42:56,337] INFO  (ReportTimer.java:communicationWithWebServer:433) - 发送到监控中心的log报文

[2019-05-20] [11:42:56,727] INFO  (ReportTimer.java:communicationWithWebServer:441) - 监控中心返回的指令报文：
<MSG><FLAG>0</FLAG><TIPS></TIPS><TIPS2></TIPS2><TIMESTAMP>2019-05-20 11:42:56</TIMESTAMP></MSG>

[2019-05-20] [11:52:58,419] INFO  (ReportTimer.java:communicationWithWebServer:433) - 发送到监控中心的log报文

[2019-05-20] [11:52:58,543] INFO  (ReportTimer.java:communicationWithWebServer:441) - 监控中心返回的指令报文：
<MSG><FLAG>0</FLAG><TIPS></TIPS><TIPS2></TIPS2><TIMESTAMP>2019-05-20 11:52:58</TIMESTAMP></MSG>

[2019-05-20] [12:03:00,231] INFO  (ReportTimer.java:communicationWithWebServer:433) - 发送到监控中心的log报文

[2019-05-20] [12:03:00,543] INFO  (ReportTimer.java:communicationWithWebServer:441) - 监控中心返回的指令报文：
<MSG><FLAG>0</FLAG><TIPS></TIPS><TIPS2></TIPS2><TIMESTAMP>2019-05-20 12:03:00</TIMESTAMP></MSG>

[2019-05-20] [12:13:02,195] INFO  (ReportTimer.java:communicationWithWebServer:433) - 发送到监控中心的log报文

[2019-05-20] [12:13:02,803] INFO  (ReportTimer.java:communicationWithWebServer:441) - 监控中心返回的指令报文：
<MSG><FLAG>0</FLAG><TIPS></TIPS><TIPS2></TIPS2><TIMESTAMP>2019-05-20 12:13:02</TIMESTAMP></MSG>

[2019-05-20] [12:23:04,507] INFO  (ReportTimer.java:communicationWithWebServer:433) - 发送到监控中心的log报文

[2019-05-20] [12:23:05,006] INFO  (ReportTimer.java:communicationWithWebServer:441) - 监控中心返回的指令报文：
<MSG><FLAG>0</FLAG><TIPS></TIPS><TIPS2></TIPS2><TIMESTAMP>2019-05-20 12:23:04</TIMESTAMP></MSG>

[2019-05-20] [12:33:06,792] INFO  (ReportTimer.java:communicationWithWebServer:433) - 发送到监控中心的log报文

[2019-05-20] [12:33:07,135] INFO  (ReportTimer.java:communicationWithWebServer:441) - 监控中心返回的指令报文：
<MSG><FLAG>0</FLAG><TIPS></TIPS><TIPS2></TIPS2><TIMESTAMP>2019-05-20 12:33:06</TIMESTAMP></MSG>

[2019-05-20] [12:43:08,857] INFO  (ReportTimer.java:communicationWithWebServer:433) - 发送到监控中心的log报文

[2019-05-20] [12:43:09,044] INFO  (ReportTimer.java:communicationWithWebServer:441) - 监控中心返回的指令报文：
<MSG><FLAG>0</FLAG><TIPS></TIPS><TIPS2></TIPS2><TIMESTAMP>2019-05-20 12:43:08</TIMESTAMP></MSG>

[2019-05-20] [12:53:10,723] INFO  (ReportTimer.java:communicationWithWebServer:433) - 发送到监控中心的log报文

[2019-05-20] [12:53:10,863] INFO  (ReportTimer.java:communicationWithWebServer:441) - 监控中心返回的指令报文：
<MSG><FLAG>0</FLAG><TIPS></TIPS><TIPS2></TIPS2><TIMESTAMP>2019-05-20 12:53:10</TIMESTAMP></MSG>

[2019-05-20] [13:03:12,510] INFO  (ReportTimer.java:communicationWithWebServer:433) - 发送到监控中心的log报文

[2019-05-20] [13:03:12,616] INFO  (ReportTimer.java:communicationWithWebServer:441) - 监控中心返回的指令报文：
<MSG><FLAG>0</FLAG><TIPS></TIPS><TIPS2></TIPS2><TIMESTAMP>2019-05-20 13:03:12</TIMESTAMP></MSG>

[2019-05-20] [13:13:14,335] INFO  (ReportTimer.java:communicationWithWebServer:433) - 发送到监控中心的log报文

[2019-05-20] [13:13:14,710] INFO  (ReportTimer.java:communicationWithWebServer:441) - 监控中心返回的指令报文：
<MSG><FLAG>0</FLAG><TIPS></TIPS><TIPS2></TIPS2><TIMESTAMP>2019-05-20 13:13:14</TIMESTAMP></MSG>

[2019-05-20] [13:23:16,396] INFO  (ReportTimer.java:communicationWithWebServer:433) - 发送到监控中心的log报文

[2019-05-20] [13:23:16,537] INFO  (ReportTimer.java:communicationWithWebServer:441) - 监控中心返回的指令报文：
<MSG><FLAG>0</FLAG><TIPS></TIPS><TIPS2></TIPS2><TIMESTAMP>2019-05-20 13:23:16</TIMESTAMP></MSG>

[2019-05-20] [13:33:18,205] INFO  (ReportTimer.java:communicationWithWebServer:433) - 发送到监控中心的log报文

[2019-05-20] [13:33:18,564] INFO  (ReportTimer.java:communicationWithWebServer:441) - 监控中心返回的指令报文：
<MSG><FLAG>0</FLAG><TIPS></TIPS><TIPS2></TIPS2><TIMESTAMP>2019-05-20 13:33:18</TIMESTAMP></MSG>

[2019-05-20] [13:39:47,224] INFO  (SocketServer.java:run:363) - 收到请求报文：1231231
<?xml version="1.0" encoding="UTF-8" ?><tx><REQUEST_SN>1231231</REQUEST_SN><CUST_ID>105110073991300</CUST_ID><USER_ID>105110073991300-001</USER_ID><PASSWORD>******</PASSWORD><TX_CODE>5W1003</TX_CODE><LANGUAGE>CN</LANGUAGE><TX_</TX>
[2019-05-20] [13:39:47,224] INFO  (HttpsAdapterSink.java:putMessage:110) - 1231231 当前发EBS工作线程数量:0
[2019-05-20] [13:39:47,224] INFO  (HttpsAdapterSink.java:putMessage:120) - 1231231 任务调度耗时:0.0
[2019-05-20] [13:39:47,396] INFO  (HttpsAdapterSink.java:sendAndReceiveMessage:425) - 1231231 EBS返回耗时:0.14
[2019-05-20] [13:39:47,396] INFO  (SocketAdapterBridge.java:putSocketEntityIntoMap:243) - 完成任务:1231231;当前队列数量:0
[2019-05-20] [13:39:47,396] INFO  (SocketServer.java:run:440) - 返给客户端响应报文：1231231;总耗时:0.172
<?xml version="1.0" encoding="GB18030"?>
<TX>
		<REQUEST_SN>1231231</REQUEST_SN>
				<RETURN_CODE>YDCA02910001</RETURN_CODE>
  	<RETURN_MSG>流水记录不存在</RETURN_MSG>
</TX>

[2019-05-20] [13:40:50,339] INFO  (SocketServer.java:run:363) - 收到请求报文：1231231
<?xml version="1.0" encoding="UTF-8" ?><tx><REQUEST_SN>1231231</REQUEST_SN><CUST_ID>105110073991300</CUST_ID><USER_ID>105110073991300-001</USER_ID><PASSWORD>******</PASSWORD><TX_CODE>5W1003</TX_CODE><LANGUAGE>CN</LANGUAGE><TX_</TX>
[2019-05-20] [13:40:50,339] INFO  (HttpsAdapterSink.java:putMessage:110) - 1231231 当前发EBS工作线程数量:0
[2019-05-20] [13:40:50,339] INFO  (HttpsAdapterSink.java:putMessage:120) - 1231231 任务调度耗时:0.0
[2019-05-20] [13:40:50,479] INFO  (HttpsAdapterSink.java:sendAndReceiveMessage:425) - 1231231 EBS返回耗时:0.14
[2019-05-20] [13:40:50,479] INFO  (SocketAdapterBridge.java:putSocketEntityIntoMap:243) - 完成任务:1231231;当前队列数量:0
[2019-05-20] [13:40:50,479] INFO  (SocketServer.java:run:440) - 返给客户端响应报文：1231231;总耗时:0.14
<?xml version="1.0" encoding="GB18030"?>
<TX>
		<REQUEST_SN>1231231</REQUEST_SN>
				<RETURN_CODE>YDCA02910001</RETURN_CODE>
  	<RETURN_MSG>流水记录不存在</RETURN_MSG>
</TX>

[2019-05-20] [13:43:20,351] INFO  (ReportTimer.java:communicationWithWebServer:433) - 发送到监控中心的log报文

[2019-05-20] [13:43:20,741] INFO  (ReportTimer.java:communicationWithWebServer:441) - 监控中心返回的指令报文：
<MSG><FLAG>0</FLAG><TIPS></TIPS><TIPS2></TIPS2><TIMESTAMP>2019-05-20 13:43:20</TIMESTAMP></MSG>

[2019-05-20] [13:53:22,447] INFO  (ReportTimer.java:communicationWithWebServer:433) - 发送到监控中心的log报文

[2019-05-20] [13:53:22,821] INFO  (ReportTimer.java:communicationWithWebServer:441) - 监控中心返回的指令报文：
<MSG><FLAG>0</FLAG><TIPS></TIPS><TIPS2></TIPS2><TIMESTAMP>2019-05-20 13:53:22</TIMESTAMP></MSG>

[2019-05-20] [14:03:24,560] INFO  (ReportTimer.java:communicationWithWebServer:433) - 发送到监控中心的log报文

[2019-05-20] [14:03:24,903] INFO  (ReportTimer.java:communicationWithWebServer:441) - 监控中心返回的指令报文：
<MSG><FLAG>0</FLAG><TIPS></TIPS><TIPS2></TIPS2><TIMESTAMP>2019-05-20 14:03:24</TIMESTAMP></MSG>

[2019-05-20] [14:05:22,675] INFO  (SocketServer.java:run:363) - 收到请求报文：1231231
<?xml version="1.0" encoding="UTF-8" ?><tx><REQUEST_SN>1231231</REQUEST_SN><CUST_ID>105110073991300</CUST_ID><USER_ID>105110073991300-001</USER_ID><PASSWORD>******</PASSWORD><TX_CODE>5W1004</TX_CODE><LANGUAGE>CN</LANGUAGE><TX_</TX>
[2019-05-20] [14:05:22,675] INFO  (HttpsAdapterSink.java:putMessage:110) - 1231231 当前发EBS工作线程数量:0
[2019-05-20] [14:05:22,675] INFO  (HttpsAdapterSink.java:putMessage:120) - 1231231 任务调度耗时:0.0
[2019-05-20] [14:05:22,769] INFO  (SignMessageThread.java:run:64) - 1231231 联合签名笔数：1
[2019-05-20] [14:05:22,816] INFO  (HttpsAdapterSink.java:sendAndReceiveMessage:241) - 1231231 签名耗时:0.141
[2019-05-20] [14:05:42,977] INFO  (HttpsAdapterSink.java:sendAndReceiveMessage:425) - 1231231 EBS返回耗时:20.161
[2019-05-20] [14:05:42,977] INFO  (SocketAdapterBridge.java:putSocketEntityIntoMap:243) - 完成任务:1231231;当前队列数量:0
[2019-05-20] [14:05:42,977] INFO  (SocketServer.java:run:440) - 返给客户端响应报文：1231231;总耗时:20.302
<?xml version="1.0" encoding="GB18030"?><TX><REQUEST_SN>1231231</REQUEST_SN><RETURN_CODE>WLPT_Err1015</RETURN_CODE><RETURN_MSG>连接服务器失败(12002:连接服务器超时，请检查网络情况。)（如果该笔交易为帐务交易，则处理结果不确定，请先核对明细！）</RETURN_MSG></TX>
[2019-05-20] [14:06:04,460] INFO  (SocketServer.java:run:363) - 收到请求报文：1231231
<?xml version="1.0" encoding="UTF-8" ?><tx><REQUEST_SN>1231231</REQUEST_SN><CUST_ID>105110073991300</CUST_ID><USER_ID>105110073991300-001</USER_ID><PASSWORD>******</PASSWORD><TX_CODE>5W1004</TX_CODE><LANGUAGE>CN</LANGUAGE><TX_</TX>
[2019-05-20] [14:06:04,460] INFO  (HttpsAdapterSink.java:putMessage:110) - 1231231 当前发EBS工作线程数量:0
[2019-05-20] [14:06:04,460] INFO  (HttpsAdapterSink.java:putMessage:120) - 1231231 任务调度耗时:0.0
[2019-05-20] [14:06:04,538] INFO  (SignMessageThread.java:run:64) - 1231231 联合签名笔数：1
[2019-05-20] [14:06:04,616] INFO  (HttpsAdapterSink.java:sendAndReceiveMessage:241) - 1231231 签名耗时:0.156
[2019-05-20] [14:06:05,521] INFO  (HttpsAdapterSink.java:sendAndReceiveMessage:425) - 1231231 EBS返回耗时:0.905
[2019-05-20] [14:06:05,521] INFO  (SocketAdapterBridge.java:putSocketEntityIntoMap:243) - 完成任务:1231231;当前队列数量:0
[2019-05-20] [14:06:05,521] INFO  (SocketServer.java:run:440) - 返给客户端响应报文：1231231;总耗时:1.061
<?xml version="1.0" encoding="GB18030"?><TX><REQUEST_SN>1231231</REQUEST_SN><RETURN_CODE>WLPT_Err1003</RETURN_CODE><RETURN_MSG>解析服务器返回数据出错1（如果该笔交易为帐务交易，则处理结果不确定，请先核对明细！）</RETURN_MSG></TX>
[2019-05-20] [14:07:12,543] INFO  (SocketServer.java:run:363) - 收到请求报文：1231231
<?xml version="1.0" encoding="UTF-8" ?><tx><REQUEST_SN>1231231</REQUEST_SN><CUST_ID>105110073991300</CUST_ID><USER_ID>105110073991300-001</USER_ID><PASSWORD>******</PASSWORD><TX_CODE>5W1004</TX_CODE><LANGUAGE>CN</LANGUAGE><TX_</TX>
[2019-05-20] [14:07:12,559] INFO  (HttpsAdapterSink.java:putMessage:110) - 1231231 当前发EBS工作线程数量:0
[2019-05-20] [14:07:12,559] INFO  (HttpsAdapterSink.java:putMessage:120) - 1231231 任务调度耗时:0.0
[2019-05-20] [14:07:12,668] INFO  (SignMessageThread.java:run:64) - 1231231 联合签名笔数：1
[2019-05-20] [14:07:12,715] INFO  (HttpsAdapterSink.java:sendAndReceiveMessage:241) - 1231231 签名耗时:0.156
[2019-05-20] [14:07:12,995] INFO  (HttpsAdapterSink.java:sendAndReceiveMessage:425) - 1231231 EBS返回耗时:0.28
[2019-05-20] [14:07:12,995] INFO  (SocketAdapterBridge.java:putSocketEntityIntoMap:243) - 完成任务:1231231;当前队列数量:0
[2019-05-20] [14:07:12,995] INFO  (SocketServer.java:run:440) - 返给客户端响应报文：1231231;总耗时:0.452
<?xml version="1.0" encoding="GB18030"?><TX><REQUEST_SN>1231231</REQUEST_SN><RETURN_CODE>WLPT_Err1003</RETURN_CODE><RETURN_MSG>解析服务器返回数据出错1（如果该笔交易为帐务交易，则处理结果不确定，请先核对明细！）</RETURN_MSG></TX>
[2019-05-20] [14:08:08,575] INFO  (SocketServer.java:run:363) - 收到请求报文：1231231
<?xml version="1.0" encoding="UTF-8" ?><tx><REQUEST_SN>1231231</REQUEST_SN><CUST_ID>105110073991300</CUST_ID><USER_ID>105110073991300-001</USER_ID><PASSWORD>******</PASSWORD><TX_CODE>5W1004</TX_CODE><LANGUAGE>CN</LANGUAGE><TX_</TX>
[2019-05-20] [14:08:08,575] INFO  (HttpsAdapterSink.java:putMessage:110) - 1231231 当前发EBS工作线程数量:0
[2019-05-20] [14:08:08,575] INFO  (HttpsAdapterSink.java:putMessage:120) - 1231231 任务调度耗时:0.0
[2019-05-20] [14:08:08,638] INFO  (SignMessageThread.java:run:64) - 1231231 联合签名笔数：1
[2019-05-20] [14:08:08,685] INFO  (HttpsAdapterSink.java:sendAndReceiveMessage:241) - 1231231 签名耗时:0.11
[2019-05-20] [14:08:09,948] INFO  (HttpsAdapterSink.java:sendAndReceiveMessage:425) - 1231231 EBS返回耗时:1.263
[2019-05-20] [14:08:09,948] INFO  (SocketAdapterBridge.java:putSocketEntityIntoMap:243) - 完成任务:1231231;当前队列数量:0
[2019-05-20] [14:08:09,948] INFO  (SocketServer.java:run:440) - 返给客户端响应报文：1231231;总耗时:1.373
<?xml version="1.0" encoding="GB18030"?><TX><REQUEST_SN>1231231</REQUEST_SN><RETURN_CODE>WLPT_Err1003</RETURN_CODE><RETURN_MSG>解析服务器返回数据出错1（如果该笔交易为帐务交易，则处理结果不确定，请先核对明细！）</RETURN_MSG></TX>
[2019-05-20] [14:13:26,746] INFO  (ReportTimer.java:communicationWithWebServer:433) - 发送到监控中心的log报文

[2019-05-20] [14:13:27,168] INFO  (ReportTimer.java:communicationWithWebServer:441) - 监控中心返回的指令报文：
<MSG><FLAG>0</FLAG><TIPS></TIPS><TIPS2></TIPS2><TIMESTAMP>2019-05-20 14:13:26</TIMESTAMP></MSG>

[2019-05-20] [14:15:18,259] INFO  (SocketServer.java:run:363) - 收到请求报文：1231231
<?xml version="1.0" encoding="UTF-8" ?><tx><REQUEST_SN>1231231</REQUEST_SN><CUST_ID>105110073991300</CUST_ID><USER_ID>105110073991300-001</USER_ID><PASSWORD>******</PASSWORD><TX_CODE>5W1002</TX_CODE><LANGUAGE>CN</LANGUAGE><TX_</TX>
[2019-05-20] [14:15:18,259] INFO  (HttpsAdapterSink.java:putMessage:110) - 1231231 当前发EBS工作线程数量:0
[2019-05-20] [14:15:18,259] INFO  (HttpsAdapterSink.java:putMessage:120) - 1231231 任务调度耗时:0.0
[2019-05-20] [14:15:18,461] INFO  (HttpsAdapterSink.java:sendAndReceiveMessage:425) - 1231231 EBS返回耗时:0.202
[2019-05-20] [14:15:18,461] INFO  (SocketAdapterBridge.java:putSocketEntityIntoMap:243) - 完成任务:1231231;当前队列数量:0
[2019-05-20] [14:15:18,461] INFO  (SocketServer.java:run:440) - 返给客户端响应报文：1231231;总耗时:0.202
<?xml version="1.0" encoding="GB18030"?>
<TX>
  <REQUEST_SN>1231231</REQUEST_SN>
  <CUST_ID>105110073991300</CUST_ID>
  <TX_CODE>5W1002</TX_CODE>
  <RETURN_CODE>000000</RETURN_CODE>
  <RETURN_MSG></RETURN_MSG>
  <LANGUAGE>CN</LANGUAGE>
  </TX>
[2019-05-20] [14:20:20,718] INFO  (SocketServer.java:run:363) - 收到请求报文：1231231
<?xml version="1.0" encoding="UTF-8" ?><tx><REQUEST_SN>1231231</REQUEST_SN><CUST_ID>105110073991300</CUST_ID><USER_ID>105110073991300-001</USER_ID><PASSWORD>******</PASSWORD><TX_CODE>5W1004</TX_CODE><LANGUAGE>CN</LANGUAGE><TX_</TX>
[2019-05-20] [14:20:20,718] INFO  (HttpsAdapterSink.java:putMessage:110) - 1231231 当前发EBS工作线程数量:0
[2019-05-20] [14:20:20,718] INFO  (HttpsAdapterSink.java:putMessage:120) - 1231231 任务调度耗时:0.0
[2019-05-20] [14:20:20,828] INFO  (SignMessageThread.java:run:64) - 1231231 联合签名笔数：1
[2019-05-20] [14:20:20,906] INFO  (HttpsAdapterSink.java:sendAndReceiveMessage:241) - 1231231 签名耗时:0.188
[2019-05-20] [14:20:22,044] INFO  (HttpsAdapterSink.java:sendAndReceiveMessage:425) - 1231231 EBS返回耗时:1.138
[2019-05-20] [14:20:22,044] INFO  (SocketAdapterBridge.java:putSocketEntityIntoMap:243) - 完成任务:1231231;当前队列数量:0
[2019-05-20] [14:20:22,044] INFO  (SocketServer.java:run:440) - 返给客户端响应报文：1231231;总耗时:1.326
<?xml version="1.0" encoding="GB18030"?><TX><REQUEST_SN>1231231</REQUEST_SN><RETURN_CODE>WLPT_Err1003</RETURN_CODE><RETURN_MSG>解析服务器返回数据出错1（如果该笔交易为帐务交易，则处理结果不确定，请先核对明细！）</RETURN_MSG></TX>
[2019-05-20] [14:23:28,911] INFO  (ReportTimer.java:communicationWithWebServer:433) - 发送到监控中心的log报文

[2019-05-20] [14:23:29,478] INFO  (ReportTimer.java:communicationWithWebServer:441) - 监控中心返回的指令报文：
<MSG><FLAG>0</FLAG><TIPS></TIPS><TIPS2></TIPS2><TIMESTAMP>2019-05-20 14:23:29</TIMESTAMP></MSG>

[2019-05-20] [14:33:31,123] INFO  (ReportTimer.java:communicationWithWebServer:433) - 发送到监控中心的log报文

[2019-05-20] [14:33:31,484] INFO  (ReportTimer.java:communicationWithWebServer:441) - 监控中心返回的指令报文：
<MSG><FLAG>0</FLAG><TIPS></TIPS><TIPS2></TIPS2><TIMESTAMP>2019-05-20 14:33:31</TIMESTAMP></MSG>

[2019-05-20] [14:43:33,187] INFO  (ReportTimer.java:communicationWithWebServer:433) - 发送到监控中心的log报文

[2019-05-20] [14:43:33,557] INFO  (ReportTimer.java:communicationWithWebServer:441) - 监控中心返回的指令报文：
<MSG><FLAG>0</FLAG><TIPS></TIPS><TIPS2></TIPS2><TIMESTAMP>2019-05-20 14:43:33</TIMESTAMP></MSG>

[2019-05-20] [14:53:35,234] INFO  (ReportTimer.java:communicationWithWebServer:433) - 发送到监控中心的log报文

[2019-05-20] [14:53:35,592] INFO  (ReportTimer.java:communicationWithWebServer:441) - 监控中心返回的指令报文：
<MSG><FLAG>0</FLAG><TIPS></TIPS><TIPS2></TIPS2><TIMESTAMP>2019-05-20 14:53:35</TIMESTAMP></MSG>

[2019-05-20] [15:03:37,292] INFO  (ReportTimer.java:communicationWithWebServer:433) - 发送到监控中心的log报文

[2019-05-20] [15:03:37,417] INFO  (ReportTimer.java:communicationWithWebServer:441) - 监控中心返回的指令报文：
<MSG><FLAG>0</FLAG><TIPS></TIPS><TIPS2></TIPS2><TIMESTAMP>2019-05-20 15:03:37</TIMESTAMP></MSG>

[2019-05-20] [15:13:39,092] INFO  (ReportTimer.java:communicationWithWebServer:433) - 发送到监控中心的log报文

[2019-05-20] [15:13:39,466] INFO  (ReportTimer.java:communicationWithWebServer:441) - 监控中心返回的指令报文：
<MSG><FLAG>0</FLAG><TIPS></TIPS><TIPS2></TIPS2><TIMESTAMP>2019-05-20 15:13:38</TIMESTAMP></MSG>

[2019-05-20] [15:23:41,178] INFO  (ReportTimer.java:communicationWithWebServer:433) - 发送到监控中心的log报文

[2019-05-20] [15:23:41,319] INFO  (ReportTimer.java:communicationWithWebServer:441) - 监控中心返回的指令报文：
<MSG><FLAG>0</FLAG><TIPS></TIPS><TIPS2></TIPS2><TIMESTAMP>2019-05-20 15:23:40</TIMESTAMP></MSG>

[2019-05-20] [15:33:43,006] INFO  (ReportTimer.java:communicationWithWebServer:433) - 发送到监控中心的log报文

[2019-05-20] [15:33:43,219] INFO  (ReportTimer.java:communicationWithWebServer:441) - 监控中心返回的指令报文：
<MSG><FLAG>0</FLAG><TIPS></TIPS><TIPS2></TIPS2><TIMESTAMP>2019-05-20 15:33:42</TIMESTAMP></MSG>

[2019-05-20] [15:43:44,936] INFO  (ReportTimer.java:communicationWithWebServer:433) - 发送到监控中心的log报文

[2019-05-20] [15:43:45,311] INFO  (ReportTimer.java:communicationWithWebServer:441) - 监控中心返回的指令报文：
<MSG><FLAG>0</FLAG><TIPS></TIPS><TIPS2></TIPS2><TIMESTAMP>2019-05-20 15:43:44</TIMESTAMP></MSG>

[2019-05-20] [15:53:46,996] INFO  (ReportTimer.java:communicationWithWebServer:433) - 发送到监控中心的log报文

[2019-05-20] [15:53:47,118] INFO  (ReportTimer.java:communicationWithWebServer:441) - 监控中心返回的指令报文：
<MSG><FLAG>0</FLAG><TIPS></TIPS><TIPS2></TIPS2><TIMESTAMP>2019-05-20 15:53:46</TIMESTAMP></MSG>

[2019-05-20] [16:03:48,932] INFO  (ReportTimer.java:communicationWithWebServer:433) - 发送到监控中心的log报文

[2019-05-20] [16:03:49,045] INFO  (ReportTimer.java:communicationWithWebServer:441) - 监控中心返回的指令报文：
<MSG><FLAG>0</FLAG><TIPS></TIPS><TIPS2></TIPS2><TIMESTAMP>2019-05-20 16:03:48</TIMESTAMP></MSG>

[2019-05-20] [16:13:50,701] INFO  (ReportTimer.java:communicationWithWebServer:433) - 发送到监控中心的log报文

[2019-05-20] [16:13:51,106] INFO  (ReportTimer.java:communicationWithWebServer:441) - 监控中心返回的指令报文：
<MSG><FLAG>0</FLAG><TIPS></TIPS><TIPS2></TIPS2><TIMESTAMP>2019-05-20 16:13:50</TIMESTAMP></MSG>

[2019-05-20] [16:23:52,790] INFO  (ReportTimer.java:communicationWithWebServer:433) - 发送到监控中心的log报文

[2019-05-20] [16:23:52,931] INFO  (ReportTimer.java:communicationWithWebServer:441) - 监控中心返回的指令报文：
<MSG><FLAG>0</FLAG><TIPS></TIPS><TIPS2></TIPS2><TIMESTAMP>2019-05-20 16:23:52</TIMESTAMP></MSG>

[2019-05-20] [16:33:54,566] INFO  (ReportTimer.java:communicationWithWebServer:433) - 发送到监控中心的log报文

[2019-05-20] [16:33:54,794] INFO  (ReportTimer.java:communicationWithWebServer:441) - 监控中心返回的指令报文：
<MSG><FLAG>0</FLAG><TIPS></TIPS><TIPS2></TIPS2><TIMESTAMP>2019-05-20 16:33:54</TIMESTAMP></MSG>

[2019-05-20] [16:43:56,506] INFO  (ReportTimer.java:communicationWithWebServer:433) - 发送到监控中心的log报文

[2019-05-20] [16:43:56,928] INFO  (ReportTimer.java:communicationWithWebServer:441) - 监控中心返回的指令报文：
<MSG><FLAG>0</FLAG><TIPS></TIPS><TIPS2></TIPS2><TIMESTAMP>2019-05-20 16:43:56</TIMESTAMP></MSG>

[2019-05-20] [16:53:58,731] INFO  (ReportTimer.java:communicationWithWebServer:433) - 发送到监控中心的log报文

[2019-05-20] [16:53:58,880] INFO  (ReportTimer.java:communicationWithWebServer:441) - 监控中心返回的指令报文：
<MSG><FLAG>0</FLAG><TIPS></TIPS><TIPS2></TIPS2><TIMESTAMP>2019-05-20 16:53:58</TIMESTAMP></MSG>

[2019-05-20] [17:04:00,567] INFO  (ReportTimer.java:communicationWithWebServer:433) - 发送到监控中心的log报文

[2019-05-20] [17:04:00,686] INFO  (ReportTimer.java:communicationWithWebServer:441) - 监控中心返回的指令报文：
<MSG><FLAG>0</FLAG><TIPS></TIPS><TIPS2></TIPS2><TIMESTAMP>2019-05-20 17:04:00</TIMESTAMP></MSG>

[2019-05-20] [17:14:02,395] INFO  (ReportTimer.java:communicationWithWebServer:433) - 发送到监控中心的log报文

[2019-05-20] [17:14:02,854] INFO  (ReportTimer.java:communicationWithWebServer:441) - 监控中心返回的指令报文：
<MSG><FLAG>0</FLAG><TIPS></TIPS><TIPS2></TIPS2><TIMESTAMP>2019-05-20 17:14:02</TIMESTAMP></MSG>

[2019-05-20] [17:24:04,491] INFO  (ReportTimer.java:communicationWithWebServer:433) - 发送到监控中心的log报文

[2019-05-20] [17:24:04,902] INFO  (ReportTimer.java:communicationWithWebServer:441) - 监控中心返回的指令报文：
<MSG><FLAG>0</FLAG><TIPS></TIPS><TIPS2></TIPS2><TIMESTAMP>2019-05-20 17:24:04</TIMESTAMP></MSG>

[2019-05-20] [17:34:06,624] INFO  (ReportTimer.java:communicationWithWebServer:433) - 发送到监控中心的log报文

[2019-05-20] [17:34:06,776] INFO  (ReportTimer.java:communicationWithWebServer:441) - 监控中心返回的指令报文：
<MSG><FLAG>0</FLAG><TIPS></TIPS><TIPS2></TIPS2><TIMESTAMP>2019-05-20 17:34:06</TIMESTAMP></MSG>

[2019-05-20] [17:44:08,460] INFO  (ReportTimer.java:communicationWithWebServer:433) - 发送到监控中心的log报文

[2019-05-20] [17:44:08,856] INFO  (ReportTimer.java:communicationWithWebServer:441) - 监控中心返回的指令报文：
<MSG><FLAG>0</FLAG><TIPS></TIPS><TIPS2></TIPS2><TIMESTAMP>2019-05-20 17:44:08</TIMESTAMP></MSG>

[2019-05-20] [17:53:39,766] INFO  (WebBrowserHttpsAdapter.java:init:132) - 外联客户端版本信息：CCB_EBSClient_B2C4FileCert_V5.9_Build20180503
[2019-05-20] [17:53:43,128] INFO  (WebBrowserHttpsAdapter.java:init:214) - 连接请求报文：
txXml=<?xml version="1.0" encoding="GB2312" standalone="yes" ?><TX><REQUEST_SN>2019520175342</REQUEST_SN><CUST_ID>105110073991300</CUST_ID><USER_ID>001</USER_ID><PASSWORD>******</PASSWORD><TX_CODE>5W1001</TX_CODE><LANGUAGE>CN</LANGUAGE><TX_INFO><REM1>REMARK1</REM1><REM2>REMARK2</REM2></TX_INFO></TX>

[2019-05-20] [17:53:43,128] INFO  (WebBrowserHttpsAdapter.java:init:215) - 服务器返回连接报文：
<?xml version="1.0" encoding="GB2312" standalone="yes" ?>
<TX>
  <REQUEST_SN>2019520175342</REQUEST_SN>
  <CUST_ID>105110073991300</CUST_ID>
  <TX_CODE>5W1001</TX_CODE>
  <RETURN_CODE>000000</RETURN_CODE>
  <RETURN_MSG></RETURN_MSG>
  <LANGUAGE>CN</LANGUAGE>
  <TX_INFO>
    <REM1></REM1>
    <REM2></REM2>
  </TX_INFO>
</TX>

[2019-06-04] [17:58:43,249] INFO  (WebBrowserHttpsAdapter.java:init:132) - 外联客户端版本信息：CCB_EBSClient_B2C4FileCert_V5.9_Build20180503
[2019-06-04] [17:59:15,027] INFO  (WebBrowserHttpsAdapter.java:init:214) - 连接请求报文：
txXml=<?xml version="1.0" encoding="GB2312" standalone="yes" ?><TX><REQUEST_SN>201964175914</REQUEST_SN><CUST_ID>105110073991300</CUST_ID><USER_ID>001</USER_ID><PASSWORD>******</PASSWORD><TX_CODE>5W1001</TX_CODE><LANGUAGE>CN</LANGUAGE><TX_INFO><REM1>REMARK1</REM1><REM2>REMARK2</REM2></TX_INFO></TX>

[2019-06-04] [17:59:15,027] INFO  (WebBrowserHttpsAdapter.java:init:215) - 服务器返回连接报文：
<?xml version="1.0" encoding="GB2312" standalone="yes" ?>
<TX>
  <REQUEST_SN>201964175914</REQUEST_SN>
  <CUST_ID>105110073991300</CUST_ID>
  <TX_CODE>5W1001</TX_CODE>
  <RETURN_CODE>000000</RETURN_CODE>
  <RETURN_MSG></RETURN_MSG>
  <LANGUAGE>CN</LANGUAGE>
  <TX_INFO>
    <REM1></REM1>
    <REM2></REM2>
  </TX_INFO>
</TX>

[2019-06-04] [18:09:27,986] INFO  (ReportTimer.java:communicationWithWebServer:433) - 发送到监控中心的log报文

[2019-06-04] [18:09:28,345] INFO  (ReportTimer.java:communicationWithWebServer:441) - 监控中心返回的指令报文：
<MSG><FLAG>0</FLAG><TIPS></TIPS><TIPS2></TIPS2><TIMESTAMP>2019-06-04 18:09:27</TIMESTAMP></MSG>

[2019-06-04] [18:19:30,034] INFO  (ReportTimer.java:communicationWithWebServer:433) - 发送到监控中心的log报文

[2019-06-04] [18:19:30,206] INFO  (ReportTimer.java:communicationWithWebServer:441) - 监控中心返回的指令报文：
<MSG><FLAG>0</FLAG><TIPS></TIPS><TIPS2></TIPS2><TIMESTAMP>2019-06-04 18:19:29</TIMESTAMP></MSG>

[2019-06-04] [18:29:32,035] INFO  (ReportTimer.java:communicationWithWebServer:433) - 发送到监控中心的log报文

[2019-06-04] [18:29:32,162] INFO  (ReportTimer.java:communicationWithWebServer:441) - 监控中心返回的指令报文：
<MSG><FLAG>0</FLAG><TIPS></TIPS><TIPS2></TIPS2><TIMESTAMP>2019-06-04 18:29:31</TIMESTAMP></MSG>

[2019-06-04] [18:39:33,840] INFO  (ReportTimer.java:communicationWithWebServer:433) - 发送到监控中心的log报文

[2019-06-04] [18:39:34,315] INFO  (ReportTimer.java:communicationWithWebServer:441) - 监控中心返回的指令报文：
<MSG><FLAG>0</FLAG><TIPS></TIPS><TIPS2></TIPS2><TIMESTAMP>2019-06-04 18:39:33</TIMESTAMP></MSG>

[2019-06-04] [18:49:36,869] INFO  (ReportTimer.java:communicationWithWebServer:433) - 发送到监控中心的log报文

[2019-06-04] [18:49:37,041] INFO  (ReportTimer.java:communicationWithWebServer:441) - 监控中心返回的指令报文：
<MSG><FLAG>0</FLAG><TIPS></TIPS><TIPS2></TIPS2><TIMESTAMP>2019-06-04 18:49:36</TIMESTAMP></MSG>

[2019-06-05] [11:39:02,441] INFO  (WebBrowserHttpsAdapter.java:init:132) - 外联客户端版本信息：CCB_EBSClient_B2C4FileCert_V5.9_Build20180503
[2019-06-05] [11:39:10,077] INFO  (WebBrowserHttpsAdapter.java:init:214) - 连接请求报文：
txXml=<?xml version="1.0" encoding="GB2312" standalone="yes" ?><TX><REQUEST_SN>201965113909</REQUEST_SN><CUST_ID>105110073991300</CUST_ID><USER_ID>001</USER_ID><PASSWORD>******</PASSWORD><TX_CODE>5W1001</TX_CODE><LANGUAGE>CN</LANGUAGE><TX_INFO><REM1>REMARK1</REM1><REM2>REMARK2</REM2></TX_INFO></TX>

[2019-06-05] [11:39:10,078] INFO  (WebBrowserHttpsAdapter.java:init:215) - 服务器返回连接报文：
<?xml version="1.0" encoding="GB2312" standalone="yes" ?>
<TX>
  <REQUEST_SN>201965113909</REQUEST_SN>
  <CUST_ID>105110073991300</CUST_ID>
  <TX_CODE>5W1001</TX_CODE>
  <RETURN_CODE>000000</RETURN_CODE>
  <RETURN_MSG></RETURN_MSG>
  <LANGUAGE>CN</LANGUAGE>
  <TX_INFO>
    <REM1></REM1>
    <REM2></REM2>
  </TX_INFO>
</TX>

[2019-06-05] [14:11:04,817] INFO  (WebBrowserHttpsAdapter.java:init:132) - 外联客户端版本信息：CCB_EBSClient_B2C4FileCert_V5.9_Build20180503
[2019-06-05] [14:11:06,151] INFO  (WebBrowserHttpsAdapter.java:init:214) - 连接请求报文：
txXml=<?xml version="1.0" encoding="GB2312" standalone="yes" ?><TX><REQUEST_SN>201965141106</REQUEST_SN><CUST_ID>105005873998598</CUST_ID><USER_ID>001</USER_ID><PASSWORD>******</PASSWORD><TX_CODE>5W1001</TX_CODE><LANGUAGE>CN</LANGUAGE><TX_INFO><REM1>REMARK1</REM1><REM2>REMARK2</REM2></TX_INFO></TX>

[2019-06-05] [14:11:06,152] INFO  (WebBrowserHttpsAdapter.java:init:215) - 服务器返回连接报文：
<?xml version="1.0" encoding="GB2312" standalone="yes" ?><TX>  <REQUEST_SN>201965141106</REQUEST_SN>  <CUST_ID>105005873998598</CUST_ID>  <TX_CODE>5W1001</TX_CODE>  <RETURN_CODE>000000</RETURN_CODE>  <RETURN_MSG></RETURN_MSG>  <LANGUAGE>CN</LANGUAGE>  <TX_INFO>    <REM1></REM1>    <REM2></REM2>  </TX_INFO></TX>

[2019-06-05] [14:21:06,272] INFO  (ReportTimer.java:communicationWithWebServer:433) - 发送到监控中心的log报文

[2019-06-05] [14:21:06,443] INFO  (ReportTimer.java:communicationWithWebServer:441) - 监控中心返回的指令报文：
<MSG><FLAG>0</FLAG><TIPS></TIPS><TIPS2></TIPS2><TIMESTAMP>2019-06-05 14:21:06</TIMESTAMP></MSG>
[2019-06-05] [14:31:06,541] INFO  (ReportTimer.java:communicationWithWebServer:433) - 发送到监控中心的log报文

[2019-06-05] [14:31:06,645] INFO  (ReportTimer.java:communicationWithWebServer:441) - 监控中心返回的指令报文：
<MSG><FLAG>0</FLAG><TIPS></TIPS><TIPS2></TIPS2><TIMESTAMP>2019-06-05 14:31:06</TIMESTAMP></MSG>
[2019-06-05] [14:41:06,747] INFO  (ReportTimer.java:communicationWithWebServer:433) - 发送到监控中心的log报文

[2019-06-05] [14:41:06,850] INFO  (ReportTimer.java:communicationWithWebServer:441) - 监控中心返回的指令报文：
<MSG><FLAG>0</FLAG><TIPS></TIPS><TIPS2></TIPS2><TIMESTAMP>2019-06-05 14:41:06</TIMESTAMP></MSG>
[2019-06-05] [14:53:55,692] INFO  (ReportTimer.java:communicationWithWebServer:433) - 发送到监控中心的log报文

[2019-06-05] [14:53:55,839] INFO  (ReportTimer.java:communicationWithWebServer:441) - 监控中心返回的指令报文：
<MSG><FLAG>0</FLAG><TIPS></TIPS><TIPS2></TIPS2><TIMESTAMP>2019-06-05 14:53:55</TIMESTAMP></MSG>
[2019-06-05] [15:03:55,946] INFO  (ReportTimer.java:communicationWithWebServer:433) - 发送到监控中心的log报文

[2019-06-05] [15:03:56,042] INFO  (ReportTimer.java:communicationWithWebServer:441) - 监控中心返回的指令报文：
<MSG><FLAG>0</FLAG><TIPS></TIPS><TIPS2></TIPS2><TIMESTAMP>2019-06-05 15:03:56</TIMESTAMP></MSG>
[2019-06-05] [15:13:56,156] INFO  (ReportTimer.java:communicationWithWebServer:433) - 发送到监控中心的log报文

[2019-06-05] [15:13:56,284] INFO  (ReportTimer.java:communicationWithWebServer:441) - 监控中心返回的指令报文：
<MSG><FLAG>0</FLAG><TIPS></TIPS><TIPS2></TIPS2><TIMESTAMP>2019-06-05 15:13:56</TIMESTAMP></MSG>
[2019-06-05] [15:23:56,459] INFO  (ReportTimer.java:communicationWithWebServer:433) - 发送到监控中心的log报文

[2019-06-05] [15:23:56,642] INFO  (ReportTimer.java:communicationWithWebServer:441) - 监控中心返回的指令报文：
<MSG><FLAG>0</FLAG><TIPS></TIPS><TIPS2></TIPS2><TIMESTAMP>2019-06-05 15:23:56</TIMESTAMP></MSG>
[2019-06-05] [15:33:56,762] INFO  (ReportTimer.java:communicationWithWebServer:433) - 发送到监控中心的log报文

[2019-06-05] [15:33:56,884] INFO  (ReportTimer.java:communicationWithWebServer:441) - 监控中心返回的指令报文：
<MSG><FLAG>0</FLAG><TIPS></TIPS><TIPS2></TIPS2><TIMESTAMP>2019-06-05 15:33:56</TIMESTAMP></MSG>
[2019-06-05] [15:43:57,202] INFO  (ReportTimer.java:communicationWithWebServer:433) - 发送到监控中心的log报文

[2019-06-05] [15:43:57,313] INFO  (ReportTimer.java:communicationWithWebServer:441) - 监控中心返回的指令报文：
<MSG><FLAG>0</FLAG><TIPS></TIPS><TIPS2></TIPS2><TIMESTAMP>2019-06-05 15:43:57</TIMESTAMP></MSG>
[2019-06-05] [15:53:57,448] INFO  (ReportTimer.java:communicationWithWebServer:433) - 发送到监控中心的log报文

[2019-06-05] [15:53:57,623] INFO  (ReportTimer.java:communicationWithWebServer:441) - 监控中心返回的指令报文：
<MSG><FLAG>0</FLAG><TIPS></TIPS><TIPS2></TIPS2><TIMESTAMP>2019-06-05 15:53:57</TIMESTAMP></MSG>
[2019-06-05] [16:03:57,734] INFO  (ReportTimer.java:communicationWithWebServer:433) - 发送到监控中心的log报文

[2019-06-05] [16:03:57,845] INFO  (ReportTimer.java:communicationWithWebServer:441) - 监控中心返回的指令报文：
<MSG><FLAG>0</FLAG><TIPS></TIPS><TIPS2></TIPS2><TIMESTAMP>2019-06-05 16:03:57</TIMESTAMP></MSG>
[2019-06-05] [16:13:57,984] INFO  (ReportTimer.java:communicationWithWebServer:433) - 发送到监控中心的log报文

[2019-06-05] [16:13:58,128] INFO  (ReportTimer.java:communicationWithWebServer:441) - 监控中心返回的指令报文：
<MSG><FLAG>0</FLAG><TIPS></TIPS><TIPS2></TIPS2><TIMESTAMP>2019-06-05 16:13:58</TIMESTAMP></MSG>
[2019-06-14] [11:35:14,663] INFO  (WebBrowserHttpsAdapter.java:init:132) - 外联客户端版本信息：CCB_EBSClient_B2C4FileCert_V5.9_Build20180503
[2019-06-14] [11:35:16,395] ERROR (WebBrowserHttpsAdapter.java:init:314) - 启动外联平台失败，出现如下错误原因：发送请求异常:文件证书密码错误！
com.digitalchina.adapter.httpsadapter.HttpsAdapterException: 发送请求异常:文件证书密码错误！
	at com.ccb.wlpt.util.RequestManager.process(RequestManager.java:576)
	at com.ccb.wlpt.util.RequestManager.process(RequestManager.java:477)
	at com.digitalchina.adapter.httpsadapter.WebBrowserHttpsAdapter.process(WebBrowserHttpsAdapter.java:407)
	at com.digitalchina.adapter.httpsadapter.WebBrowserHttpsAdapter.init(WebBrowserHttpsAdapter.java:204)
	at com.digitalchina.adapter.httpsadapter.MultiThreadHttpsAdapter.init(MultiThreadHttpsAdapter.java:55)
	at com.digitalchina.extension.httpsadapter.HttpsBridge.connectAdapter(HttpsBridge.java:67)
	at com.digitalchina.extension.httpsadapter.AbstractBridge.startup(AbstractBridge.java:129)
	at com.digitalchina.extension.httpsadapter.HttpsAdapterSwiftlet.startup(HttpsAdapterSwiftlet.java:78)
	at com.digitalchina.swiftlet.SwiftletManager.startUpSwiftlet(SwiftletManager.java:91)
	at com.digitalchina.swiftlet.SwiftletManager.initExtensionSwiftlet(SwiftletManager.java:274)
	at com.digitalchina.swiftlet.SwiftletManager.initSwiftlets(SwiftletManager.java:522)
	at com.digitalchina.router.swiftlets.SwiftletManagerImpl.initSwiftlets(SwiftletManagerImpl.java:36)
	at com.ccb.wlpt.main.Router.main(Router.java:26)
Caused by: java.lang.Exception: 文件证书密码错误！
	at com.digitalchina.extension.httpsadapter.SignXMLMessage.dealFileCert(SignXMLMessage.java:130)
	at com.ccb.wlpt.httpcomm.HttpsCommFactory.getInstance(HttpsCommFactory.java:24)
	at com.ccb.wlpt.httpcomm.JavaComm.sendRequest(JavaComm.java:26)
	at com.ccb.wlpt.jni.WlptComm.sendRequest(WlptComm.java:39)
	at com.ccb.wlpt.util.RequestManager.process(RequestManager.java:553)
	... 12 more
